<?xml version='1.0' encoding='UTF-8' ?>
<testsuite tests="0" failures="0" errors="0" skipped="0" time="1.659574707539E9" timestamp="2022-08-04T00:58:27" hostname="localhost">
  <properties>
    <property name="device" value="SM-A135F - 12" />
    <property name="flavor" value="" />
    <property name="project" value=":app" />
  </properties>
</testsuite>